  3dworld.cpp
C:\Users\seanp\Documents\Github\3D-World-Assignment\3D World\3D World\3dworld.cpp(35,46): warning C4305: 'initializing': truncation from 'double' to 'GLfloat'
C:\Users\seanp\Documents\Github\3D-World-Assignment\3D World\3D World\3dworld.cpp(50,17): warning C4244: 'initializing': conversion from 'double' to 'float', possible loss of data
C:\Users\seanp\Documents\Github\3D-World-Assignment\3D World\3D World\3dworld.cpp(199,45): warning C4244: 'argument': conversion from 'double' to 'GLfloat', possible loss of data
C:\Users\seanp\Documents\Github\3D-World-Assignment\3D World\3D World\3dworld.cpp(199,32): warning C4244: 'argument': conversion from 'double' to 'GLfloat', possible loss of data
  Basic.cpp
  ObjLoader.cpp
C:\Users\seanp\Documents\Github\3D-World-Assignment\3D World\3D World\ObjLoader.cpp(90,17): warning C4018: '<': signed/unsigned mismatch
C:\Users\seanp\Documents\Github\3D-World-Assignment\3D World\3D World\ObjLoader.cpp(100,17): warning C4018: '<': signed/unsigned mismatch
C:\Users\seanp\Documents\Github\3D-World-Assignment\3D World\3D World\ObjLoader.cpp(109,17): warning C4018: '<': signed/unsigned mismatch
C:\Users\seanp\Documents\Github\3D-World-Assignment\3D World\3D World\ObjLoader.cpp(118,17): warning C4018: '<': signed/unsigned mismatch
C:\Users\seanp\Documents\Github\3D-World-Assignment\3D World\3D World\ObjLoader.cpp(125,19): warning C4018: '<': signed/unsigned mismatch
  Polyhedron.cpp
C:\Users\seanp\Documents\Github\3D-World-Assignment\3D World\3D World\Polyhedron.cpp(35,20): warning C4018: '<': signed/unsigned mismatch
C:\Users\seanp\Documents\Github\3D-World-Assignment\3D World\3D World\Polyhedron.cpp(42,20): warning C4018: '<': signed/unsigned mismatch
C:\Users\seanp\Documents\Github\3D-World-Assignment\3D World\3D World\Polyhedron.cpp(54,20): warning C4018: '<': signed/unsigned mismatch
C:\Users\seanp\Documents\Github\3D-World-Assignment\3D World\3D World\Polyhedron.cpp(62,20): warning C4018: '<': signed/unsigned mismatch
C:\Users\seanp\Documents\Github\3D-World-Assignment\3D World\3D World\Polyhedron.cpp(77,20): warning C4018: '<': signed/unsigned mismatch
  Generating Code...
  3D World.vcxproj -> C:\Users\seanp\Documents\Github\3D-World-Assignment\3D World\Debug\3D World.exe
